<?xml version="1.0" encoding="UTF-8"?>
<testng-results ignored="0" total="1" passed="1" failed="0" skipped="0">
  <reporter-output>
  </reporter-output>
  <suite started-at="2024-09-17T12:32:52 IST" name="Default suite" finished-at="2024-09-17T12:33:11 IST" duration-ms="19032">
    <groups>
    </groups>
    <test started-at="2024-09-17T12:32:52 IST" name="Default test" finished-at="2024-09-17T12:33:11 IST" duration-ms="19032">
      <class name="com.qsp.Magneto.user.UserRegistrationTest">
        <test-method is-config="true" signature="connectToDB()[pri:0, instance:com.qsp.Magneto.user.UserRegistrationTest@6f01b95f]" started-at="2024-09-17T12:32:52 IST" name="connectToDB" finished-at="2024-09-17T12:32:52 IST" duration-ms="18" status="PASS">
          <reporter-output>
          </reporter-output>
        </test-method> <!-- connectToDB -->
        <test-method is-config="true" signature="launchBrowser()[pri:0, instance:com.qsp.Magneto.user.UserRegistrationTest@6f01b95f]" started-at="2024-09-17T12:32:52 IST" name="launchBrowser" finished-at="2024-09-17T12:32:59 IST" duration-ms="6422" status="PASS">
          <reporter-output>
          </reporter-output>
        </test-method> <!-- launchBrowser -->
        <test-method is-config="true" signature="loginToApplication()[pri:0, instance:com.qsp.Magneto.user.UserRegistrationTest@6f01b95f]" started-at="2024-09-17T12:32:59 IST" name="loginToApplication" finished-at="2024-09-17T12:33:02 IST" duration-ms="3711" status="PASS">
          <reporter-output>
          </reporter-output>
        </test-method> <!-- loginToApplication -->
        <test-method signature="veriFyUserIsAbleToRegister()[pri:0, instance:com.qsp.Magneto.user.UserRegistrationTest@6f01b95f]" started-at="2024-09-17T12:33:02 IST" name="veriFyUserIsAbleToRegister" finished-at="2024-09-17T12:33:11 IST" duration-ms="8804" status="PASS">
          <reporter-output>
          </reporter-output>
        </test-method> <!-- veriFyUserIsAbleToRegister -->
        <test-method is-config="true" signature="closeBrowser()[pri:0, instance:com.qsp.Magneto.user.UserRegistrationTest@6f01b95f]" started-at="2024-09-17T12:33:11 IST" name="closeBrowser" finished-at="2024-09-17T12:33:11 IST" duration-ms="0" status="PASS">
          <reporter-output>
          </reporter-output>
        </test-method> <!-- closeBrowser -->
      </class> <!-- com.qsp.Magneto.user.UserRegistrationTest -->
    </test> <!-- Default test -->
  </suite> <!-- Default suite -->
</testng-results>
