<?xml version="1.0" encoding="UTF-8"?>
<testng-results ignored="0" total="1" passed="1" failed="0" skipped="0">
  <reporter-output>
  </reporter-output>
  <suite started-at="2024-09-13T13:14:22 IST" name="Default suite" finished-at="2024-09-13T13:14:31 IST" duration-ms="8887">
    <groups>
    </groups>
    <test started-at="2024-09-13T13:14:22 IST" name="Default test" finished-at="2024-09-13T13:14:31 IST" duration-ms="8887">
      <class name="com.qsp.Magneto.TestClass">
        <test-method is-config="true" signature="connectToDB()[pri:0, instance:com.qsp.Magneto.TestClass@6f01b95f]" started-at="2024-09-13T13:14:22 IST" name="connectToDB" finished-at="2024-09-13T13:14:22 IST" duration-ms="21" status="PASS">
          <reporter-output>
          </reporter-output>
        </test-method> <!-- connectToDB -->
        <test-method is-config="true" signature="launchBrowser()[pri:0, instance:com.qsp.Magneto.TestClass@6f01b95f]" started-at="2024-09-13T13:14:22 IST" name="launchBrowser" finished-at="2024-09-13T13:14:26 IST" duration-ms="3827" status="PASS">
          <reporter-output>
          </reporter-output>
        </test-method> <!-- launchBrowser -->
        <test-method is-config="true" signature="loginToApplication()[pri:0, instance:com.qsp.Magneto.TestClass@6f01b95f]" started-at="2024-09-13T13:14:26 IST" name="loginToApplication" finished-at="2024-09-13T13:14:31 IST" duration-ms="4924" status="PASS">
          <reporter-output>
          </reporter-output>
        </test-method> <!-- loginToApplication -->
        <test-method signature="demo()[pri:0, instance:com.qsp.Magneto.TestClass@6f01b95f]" started-at="2024-09-13T13:14:31 IST" name="demo" finished-at="2024-09-13T13:14:31 IST" duration-ms="39" status="PASS">
          <reporter-output>
          </reporter-output>
        </test-method> <!-- demo -->
        <test-method is-config="true" signature="closeBrowser()[pri:0, instance:com.qsp.Magneto.TestClass@6f01b95f]" started-at="2024-09-13T13:14:31 IST" name="closeBrowser" finished-at="2024-09-13T13:14:31 IST" duration-ms="4" status="PASS">
          <reporter-output>
          </reporter-output>
        </test-method> <!-- closeBrowser -->
      </class> <!-- com.qsp.Magneto.TestClass -->
    </test> <!-- Default test -->
  </suite> <!-- Default suite -->
</testng-results>
